Bad Request: /
Bad Request: /favicon.ico
Not Found: /media/galeries/62/Instagram-logo.jpg
Not Found: /media/galeries/62/logofacebook.jpg
Not Found: /media/galeries/62/youtube_PNG1.jpg
Not Found: /media/galeries/62/newsletterV2.jpg
Not Found: /media/cache/0b/43/0b43fb1236911990b8103f0e834c7574.jpg
Not Found: /media/cache/8b/af/8baf46e7fa70c9da2abb573381f6b595.jpg
Not Found: /media/cache/47/17/47173b0b3e21db38be97b418001797c5.jpg
Not Found: /media/cache/94/c1/94c1cadc93926504b869a0b98b6554ec.jpg
Not Found: /media/galeries/62/youtube_PNG1.jpg
Not Found: /media/galeries/62/newsletterV2.jpg
Not Found: /media/galeries/62/logofacebook.jpg
Not Found: /media/galeries/62/Instagram-logo.jpg
Not Found: /media/galeries/62/newsletterV2.jpg
Not Found: /media/galeries/62/Instagram-logo.jpg
Not Found: /media/galeries/62/youtube_PNG1.jpg
Not Found: /media/cache/20/f1/20f1e251a2ef0c1ccb7c4e47b8de6532.jpg
Not Found: /media/galeries/62/logofacebook.jpg
Not Found: /media/cache/f1/c0/f1c080b4be15b8b11ef1101b9e50219e.jpg
Not Found: /media/cache/69/39/69395a9fa9ad80d42cd428ce579b7c59.jpg
Not Found: /media/cache/45/da/45dad7a11d30448feaf9b8cdaa3b64f5.jpg
Not Found: /media/cache/88/f6/88f6a0b343f936ee9c116c578d5dce18.jpg
Not Found: /media/cache/55/0a/550a224c1354522fe4e75fda3368e91e.jpg
Not Found: /media/cache/f4/fd/f4fd70c3e99dcb84635aecd7a0e30219.jpg
Not Found: /media/cache/ac/13/ac13fe9e4d8462f121a702c1744d6a5d.jpg
Not Found: /media/cache/7e/72/7e72142c4205cc60bd419eb4d6613b2e.jpg
Not Found: /media/cache/1a/15/1a15707a135009e1cef12d78aaf63523.jpg
Not Found: /media/cache/e2/af/e2afe1fb3968bdbb53e1d46389c3c0a2.jpg
Not Found: /media/cache/90/f5/90f5ebeb4bae9460c7e54eed46d8d801.jpg
Not Found: /media/cache/1b/60/1b60a7f1cbe817ec36651cef0407afe3.jpg
Not Found: /media/cache/c4/71/c471f910a94a7977d53dd0b950533342.jpg
Not Found: /media/cache/64/e8/64e8ada5fa5ec859a859094fa972c04f.jpg
Not Found: /media/galeries/62/youtube_PNG1.jpg
Not Found: /media/galeries/62/newsletterV2.jpg
Not Found: /media/galeries/62/Instagram-logo.jpg
Not Found: /media/galeries/62/logofacebook.jpg
Not Found: /media/galeries/62/youtube_PNG1.jpg
Not Found: /media/cache/93/8d/938d254843dcc8852a63066a4370b055.jpg
Not Found: /media/cache/51/53/5153245984bf3924a59ef91f7a936510.jpg
Not Found: /media/galeries/62/Instagram-logo.jpg
Not Found: /media/galeries/62/logofacebook.jpg
Not Found: /media/galeries/62/newsletterV2.jpg
Not Found: /media/cache/75/a9/75a97540ee6c5cb39c019821ab692f69.jpg
Not Found: /media/cache/63/9f/639faff99186aef60d3d2808d0c8ff07.jpg
Not Found: /media/galeries/62/youtube_PNG1.jpg
Not Found: /media/galeries/62/newsletterV2.jpg
Not Found: /media/galeries/62/logofacebook.jpg
Not Found: /media/galeries/62/Instagram-logo.jpg
Not Found: /media/galeries/62/youtube_PNG1.jpg
Not Found: /media/galeries/62/logofacebook.jpg
Not Found: /media/galeries/62/Instagram-logo.jpg
Not Found: /media/galeries/62/newsletterV2.jpg
Not Found: /media/cache/4b/f7/4bf7b2c9d93f472fc8b8f6109e6b46f1.jpg
Not Found: /media/cache/8c/55/8c55b22b60f771a2fee030d9559df958.jpg
Not Found: /media/cache/dd/54/dd54e1d380f875962bea1d2c3f5cc9e4.jpg
Not Found: /media/cache/41/24/4124955f0ef298e92b502a1be86e0701.jpg
Not Found: /media/cache/91/f8/91f806e72404f21a271da82e55658392.jpg
Not Found: /media/cache/3e/44/3e446c062bd0157ad186dcea27ef76c5.jpg
Not Found: /media/cache/7d/b6/7db63d249d4ee265a0d6bda990160f75.jpg
Not Found: /media/cache/6d/08/6d083a15e99830f076af3bfbc17650b8.jpg
Not Found: /media/cache/14/c4/14c4f43139aa578a5b2fa36e106e3671.jpg
Not Found: /media/cache/e9/c0/e9c0be6472953910315a918383b4ddef.jpg
Not Found: /media/cache/41/29/41295e8f7cd52c7f9e3ba4fd5d68d3c9.jpg
Not Found: /media/cache/f1/63/f1634243488821fab0cb3b370d678849.jpg
Not Found: /media/cache/92/8d/928d50178002484e898f24f977dc6957.jpg
Not Found: /media/cache/8b/40/8b40ba34e4a604ed425634232ef4ecea.jpg
Not Found: /media/cache/1e/40/1e40bc9225052e28f0767ce6337fcffe.jpg
Not Found: /media/cache/31/39/313936e998977205fe7f23198df0025c.jpg
Not Found: /media/cache/60/c8/60c81118ee531e5dbf146fe355fd6121.jpg
Not Found: /media/cache/8c/70/8c704966fe21f728558855af5623ea7c.jpg
Not Found: /media/cache/18/cc/18ccfe1c863df9fc9e619c569960965f.jpg
Not Found: /media/cache/6c/68/6c685c75acdf16b87142e7c7e1627ff2.jpg
Not Found: /media/cache/b1/55/b155eaa3e68fa50f481ae85bf80bb60f.jpg
Not Found: /media/cache/cf/bc/cfbc1a020bb73cdb0e722caae8eedb02.jpg
Not Found: /media/cache/82/16/82165e46f202b9a90597f759c79b6c65.jpg
Not Found: /media/cache/2d/0b/2d0b49bfcb63617d26394a7ba213c373.jpg
Not Found: /media/cache/fa/81/fa81060b44a58526a60b3459a93d51f1.jpg
Not Found: /media/cache/95/f8/95f89b454b94cc52741b89aef58d4c9b.jpg
Not Found: /media/cache/af/23/af2381dc93b721632e80d44fdc266ef8.jpg
Not Found: /media/cache/a9/2d/a92d4cbef13054838d4b220afe0cbec6.jpg
Not Found: /media/cache/95/d8/95d8a52cec8d57bb331d65144a93e6f5.jpg
Not Found: /media/cache/c9/bc/c9bc18e5256e164f8c63aaf7a279f506.jpg
Not Found: /media/cache/9c/9e/9c9e0e751aec0bf565f0e781eb656891.jpg
Not Found: /media/cache/80/6b/806bed24951072e19cc77821426d27b4.jpg
Not Found: /media/cache/12/3e/123e8bdd2d73fe31133021e24a6aa5d3.jpg
Not Found: /media/galeries/62/youtube_PNG1.jpg
Not Found: /media/galeries/62/logofacebook.jpg
Not Found: /media/galeries/62/Instagram-logo.jpg
Not Found: /media/galeries/62/newsletterV2.jpg
Not Found: /media/cache/55/0a/550a224c1354522fe4e75fda3368e91e.jpg
Not Found: /media/cache/69/39/69395a9fa9ad80d42cd428ce579b7c59.jpg
Not Found: /media/cache/88/f6/88f6a0b343f936ee9c116c578d5dce18.jpg
Not Found: /media/cache/f1/c0/f1c080b4be15b8b11ef1101b9e50219e.jpg
Not Found: /media/cache/20/f1/20f1e251a2ef0c1ccb7c4e47b8de6532.jpg
Not Found: /media/cache/45/da/45dad7a11d30448feaf9b8cdaa3b64f5.jpg
Not Found: /media/cache/ac/13/ac13fe9e4d8462f121a702c1744d6a5d.jpg
Not Found: /media/cache/f4/fd/f4fd70c3e99dcb84635aecd7a0e30219.jpg
Not Found: /media/cache/e2/af/e2afe1fb3968bdbb53e1d46389c3c0a2.jpg
Not Found: /media/cache/7e/72/7e72142c4205cc60bd419eb4d6613b2e.jpg
Not Found: /media/cache/1a/15/1a15707a135009e1cef12d78aaf63523.jpg
Not Found: /media/cache/1b/60/1b60a7f1cbe817ec36651cef0407afe3.jpg
Not Found: /media/cache/90/f5/90f5ebeb4bae9460c7e54eed46d8d801.jpg
Not Found: /media/galeries/62/youtube_PNG1.jpg
Not Found: /media/cache/21/5c/215cda7d263b7577e69ac1ca7498dc60.jpg
Not Found: /media/galeries/62/Instagram-logo.jpg
Not Found: /media/galeries/62/newsletterV2.jpg
Not Found: /media/galeries/62/logofacebook.jpg
Not Found: /media/cache/e6/bf/e6bfca06630e305f2449a93d5705a0e5.jpg
Not Found: /media/cache/df/66/df666fe7ac7d0dcd57d0b821b8dc0a99.jpg
Not Found: /media/cache/12/7a/127a48691e6e8c3d6c9a1583e563936c.jpg
Not Found: /media/cache/b5/aa/b5aa351bcef36ed7a76dafc146746cc9.jpg
Not Found: /media/cache/e6/89/e689f4ba5d61fe46277db27349f34747.jpg
Not Found: /media/cache/50/bb/50bb4cc41c2776c00b68831a8596f544.jpg
Not Found: /media/cache/12/9e/129e974989e8147f7ff614f933b40b0d.jpg
Not Found: /media/cache/77/14/7714efb87e71975ae31fab10f89c173d.jpg
Not Found: /media/cache/cd/ab/cdabee939f6f48c6bec6e8eb710a04ff.jpg
Not Found: /media/cache/d9/4f/d94f32153285fb81ae33f113bda18515.jpg
Not Found: /media/cache/f4/21/f421509afa60984bee34ed7a785c921f.jpg
Not Found: /media/cache/c4/7c/c47c366a93835713ff47f7bea9b1b745.jpg
Not Found: /media/cache/03/d5/03d5a13947016a5b84414f3ffecdd29e.jpg
Not Found: /media/cache/be/fb/befb5a3c3f60fe81cef847e7d483132c.jpg
Not Found: /media/cache/d6/99/d699a4afaecfe2e678e034237e0699f8.jpg
Not Found: /media/cache/9e/26/9e26931fcf691ba39ee91cafe1c60476.jpg
Not Found: /media/cache/d1/ff/d1ffec2c59d353bb5277ca5853312eb0.jpg
Not Found: /media/cache/ad/e5/ade5aa6b321e173683915a1cf2f2ddc0.jpg
Not Found: /media/cache/82/c9/82c91d252ed016709257bb9677572294.jpg
Not Found: /media/cache/c8/9a/c89ab8ec6c7cb3775576cc0e07f30eef.jpg
Not Found: /media/cache/68/92/68928a882e3c873c99b2d3b565a8a2a8.jpg
Not Found: /media/cache/73/7b/737bd2d723e7a8e73b70a5b34736b227.jpg
Not Found: /media/cache/66/4b/664b5237bbb0fbf0167ff0ec800b4dc3.jpg
Not Found: /media/cache/98/8e/988e2144b89e4f1c748b670db43d79cd.jpg
Not Found: /media/cache/45/7f/457f616b686f3306299ab9e562f7522e.jpg
Not Found: /media/cache/9a/58/9a5865326d86afd839ca76fff303d304.jpg
Not Found: /media/cache/4b/11/4b11475dc1516807b4279966badd5922.jpg
Not Found: /media/cache/52/07/520701bf7afad93a64b9065c56874aa8.jpg
Not Found: /media/cache/3e/cf/3ecf9fba6910d25dc5ab5126652f8d79.jpg
Not Found: /media/cache/87/09/87098d327be5485880e2774870599fc4.jpg
Not Found: /media/cache/b5/22/b52210792253b704944a1d676e62c065.jpg
Not Found: /media/cache/96/4b/964b0fe9b04fe86f0200238b775cb847.jpg
Not Found: /media/cache/ba/50/ba503886e7269913edb6f2ada08a57ec.jpg
Not Found: /media/cache/4e/2a/4e2ac20ec4be3e6329d06f6a8b55af7d.jpg
Not Found: /media/cache/0f/dc/0fdcadceb7baf67f647ee7da22f65af8.jpg
Not Found: /favicon.ico
Not Found: /media/galeries/62/youtube_PNG1.jpg
Not Found: /media/cache/21/5c/215cda7d263b7577e69ac1ca7498dc60.jpg
Not Found: /media/galeries/62/newsletterV2.jpg
Not Found: /media/cache/df/66/df666fe7ac7d0dcd57d0b821b8dc0a99.jpg
Not Found: /media/galeries/62/logofacebook.jpg
Not Found: /media/cache/e6/bf/e6bfca06630e305f2449a93d5705a0e5.jpg
Not Found: /media/galeries/62/Instagram-logo.jpg
Not Found: /media/cache/c4/7c/c47c366a93835713ff47f7bea9b1b745.jpg
Not Found: /media/cache/50/bb/50bb4cc41c2776c00b68831a8596f544.jpg
Not Found: /media/cache/66/4b/664b5237bbb0fbf0167ff0ec800b4dc3.jpg
Not Found: /media/cache/73/7b/737bd2d723e7a8e73b70a5b34736b227.jpg
Not Found: /media/cache/c8/9a/c89ab8ec6c7cb3775576cc0e07f30eef.jpg
Not Found: /media/cache/87/09/87098d327be5485880e2774870599fc4.jpg
Not Found: /media/cache/b5/aa/b5aa351bcef36ed7a76dafc146746cc9.jpg
Not Found: /media/cache/4e/2a/4e2ac20ec4be3e6329d06f6a8b55af7d.jpg
Not Found: /media/cache/d1/ff/d1ffec2c59d353bb5277ca5853312eb0.jpg
Not Found: /media/cache/ba/50/ba503886e7269913edb6f2ada08a57ec.jpg
Not Found: /media/cache/52/07/520701bf7afad93a64b9065c56874aa8.jpg
Not Found: /media/cache/ad/e5/ade5aa6b321e173683915a1cf2f2ddc0.jpg
Not Found: /media/cache/45/7f/457f616b686f3306299ab9e562f7522e.jpg
Not Found: /media/cache/77/14/7714efb87e71975ae31fab10f89c173d.jpg
Not Found: /media/cache/f4/21/f421509afa60984bee34ed7a785c921f.jpg
Not Found: /media/cache/03/d5/03d5a13947016a5b84414f3ffecdd29e.jpg
Not Found: /media/cache/68/92/68928a882e3c873c99b2d3b565a8a2a8.jpg
Not Found: /media/cache/98/8e/988e2144b89e4f1c748b670db43d79cd.jpg
Not Found: /media/cache/d6/99/d699a4afaecfe2e678e034237e0699f8.jpg
Not Found: /media/cache/82/c9/82c91d252ed016709257bb9677572294.jpg
Not Found: /media/cache/12/9e/129e974989e8147f7ff614f933b40b0d.jpg
Not Found: /media/cache/cd/ab/cdabee939f6f48c6bec6e8eb710a04ff.jpg
Not Found: /media/cache/3e/cf/3ecf9fba6910d25dc5ab5126652f8d79.jpg
Not Found: /media/cache/4b/11/4b11475dc1516807b4279966badd5922.jpg
Not Found: /media/cache/9a/58/9a5865326d86afd839ca76fff303d304.jpg
Not Found: /media/cache/12/7a/127a48691e6e8c3d6c9a1583e563936c.jpg
Not Found: /media/cache/9e/26/9e26931fcf691ba39ee91cafe1c60476.jpg
Not Found: /media/cache/be/fb/befb5a3c3f60fe81cef847e7d483132c.jpg
Not Found: /media/cache/96/4b/964b0fe9b04fe86f0200238b775cb847.jpg
Not Found: /media/cache/d9/4f/d94f32153285fb81ae33f113bda18515.jpg
Not Found: /media/cache/b5/22/b52210792253b704944a1d676e62c065.jpg
Not Found: /media/cache/e6/89/e689f4ba5d61fe46277db27349f34747.jpg
Not Found: /media/galeries/62/youtube_PNG1.jpg
Not Found: /media/galeries/62/logofacebook.jpg
Not Found: /media/galeries/62/Instagram-logo.jpg
Not Found: /media/cache/e6/bf/e6bfca06630e305f2449a93d5705a0e5.jpg
Not Found: /media/cache/21/5c/215cda7d263b7577e69ac1ca7498dc60.jpg
Not Found: /media/galeries/62/newsletterV2.jpg
Not Found: /media/cache/12/7a/127a48691e6e8c3d6c9a1583e563936c.jpg
Not Found: /media/cache/e6/89/e689f4ba5d61fe46277db27349f34747.jpg
Not Found: /media/cache/df/66/df666fe7ac7d0dcd57d0b821b8dc0a99.jpg
Not Found: /media/cache/12/9e/129e974989e8147f7ff614f933b40b0d.jpg
Not Found: /media/cache/b5/aa/b5aa351bcef36ed7a76dafc146746cc9.jpg
Not Found: /media/cache/50/bb/50bb4cc41c2776c00b68831a8596f544.jpg
Not Found: /media/cache/cd/ab/cdabee939f6f48c6bec6e8eb710a04ff.jpg
Not Found: /media/cache/77/14/7714efb87e71975ae31fab10f89c173d.jpg
Not Found: /media/cache/f4/21/f421509afa60984bee34ed7a785c921f.jpg
Not Found: /media/cache/03/d5/03d5a13947016a5b84414f3ffecdd29e.jpg
Not Found: /media/cache/c4/7c/c47c366a93835713ff47f7bea9b1b745.jpg
Not Found: /media/cache/d9/4f/d94f32153285fb81ae33f113bda18515.jpg
Not Found: /media/cache/be/fb/befb5a3c3f60fe81cef847e7d483132c.jpg
Not Found: /media/cache/d6/99/d699a4afaecfe2e678e034237e0699f8.jpg
Not Found: /media/cache/82/c9/82c91d252ed016709257bb9677572294.jpg
Not Found: /media/cache/9e/26/9e26931fcf691ba39ee91cafe1c60476.jpg
Not Found: /media/cache/ad/e5/ade5aa6b321e173683915a1cf2f2ddc0.jpg
Not Found: /media/cache/c8/9a/c89ab8ec6c7cb3775576cc0e07f30eef.jpg
Not Found: /media/cache/d1/ff/d1ffec2c59d353bb5277ca5853312eb0.jpg
Not Found: /media/cache/45/7f/457f616b686f3306299ab9e562f7522e.jpg
Not Found: /media/cache/98/8e/988e2144b89e4f1c748b670db43d79cd.jpg
Not Found: /media/cache/68/92/68928a882e3c873c99b2d3b565a8a2a8.jpg
Not Found: /media/cache/66/4b/664b5237bbb0fbf0167ff0ec800b4dc3.jpg
Not Found: /media/cache/73/7b/737bd2d723e7a8e73b70a5b34736b227.jpg
Not Found: /media/cache/9a/58/9a5865326d86afd839ca76fff303d304.jpg
Not Found: /media/cache/4b/11/4b11475dc1516807b4279966badd5922.jpg
Not Found: /media/cache/52/07/520701bf7afad93a64b9065c56874aa8.jpg
Not Found: /media/cache/87/09/87098d327be5485880e2774870599fc4.jpg
Not Found: /media/cache/b5/22/b52210792253b704944a1d676e62c065.jpg
Not Found: /media/cache/3e/cf/3ecf9fba6910d25dc5ab5126652f8d79.jpg
Not Found: /media/cache/4e/2a/4e2ac20ec4be3e6329d06f6a8b55af7d.jpg
Not Found: /media/cache/ba/50/ba503886e7269913edb6f2ada08a57ec.jpg
Not Found: /media/cache/96/4b/964b0fe9b04fe86f0200238b775cb847.jpg
Not Found: /media/galeries/62/youtube_PNG1.jpg
Not Found: /media/galeries/62/newsletterV2.jpg
Not Found: /media/galeries/62/logofacebook.jpg
Not Found: /media/galeries/62/Instagram-logo.jpg
Not Found: /media/cache/df/66/df666fe7ac7d0dcd57d0b821b8dc0a99.jpg
Not Found: /media/cache/b5/aa/b5aa351bcef36ed7a76dafc146746cc9.jpg
Not Found: /media/cache/21/5c/215cda7d263b7577e69ac1ca7498dc60.jpg
Not Found: /media/cache/12/7a/127a48691e6e8c3d6c9a1583e563936c.jpg
Not Found: /media/cache/e6/bf/e6bfca06630e305f2449a93d5705a0e5.jpg
Not Found: /media/cache/e6/89/e689f4ba5d61fe46277db27349f34747.jpg
Not Found: /media/cache/12/9e/129e974989e8147f7ff614f933b40b0d.jpg
Not Found: /media/cache/50/bb/50bb4cc41c2776c00b68831a8596f544.jpg
Not Found: /media/cache/77/14/7714efb87e71975ae31fab10f89c173d.jpg
Not Found: /media/cache/cd/ab/cdabee939f6f48c6bec6e8eb710a04ff.jpg
Not Found: /media/cache/f4/21/f421509afa60984bee34ed7a785c921f.jpg
Not Found: /media/cache/c4/7c/c47c366a93835713ff47f7bea9b1b745.jpg
Not Found: /media/cache/03/d5/03d5a13947016a5b84414f3ffecdd29e.jpg
Not Found: /media/cache/d9/4f/d94f32153285fb81ae33f113bda18515.jpg
Not Found: /media/cache/be/fb/befb5a3c3f60fe81cef847e7d483132c.jpg
Not Found: /media/cache/d6/99/d699a4afaecfe2e678e034237e0699f8.jpg
Not Found: /media/cache/9e/26/9e26931fcf691ba39ee91cafe1c60476.jpg
Not Found: /media/cache/82/c9/82c91d252ed016709257bb9677572294.jpg
Not Found: /media/cache/ad/e5/ade5aa6b321e173683915a1cf2f2ddc0.jpg
Not Found: /media/cache/c8/9a/c89ab8ec6c7cb3775576cc0e07f30eef.jpg
Not Found: /media/cache/d1/ff/d1ffec2c59d353bb5277ca5853312eb0.jpg
Not Found: /media/cache/45/7f/457f616b686f3306299ab9e562f7522e.jpg
Not Found: /media/cache/68/92/68928a882e3c873c99b2d3b565a8a2a8.jpg
Not Found: /media/cache/98/8e/988e2144b89e4f1c748b670db43d79cd.jpg
Not Found: /media/cache/73/7b/737bd2d723e7a8e73b70a5b34736b227.jpg
Not Found: /media/cache/66/4b/664b5237bbb0fbf0167ff0ec800b4dc3.jpg
Not Found: /media/cache/9a/58/9a5865326d86afd839ca76fff303d304.jpg
Not Found: /media/cache/4b/11/4b11475dc1516807b4279966badd5922.jpg
Not Found: /media/cache/52/07/520701bf7afad93a64b9065c56874aa8.jpg
Not Found: /media/cache/3e/cf/3ecf9fba6910d25dc5ab5126652f8d79.jpg
Not Found: /media/cache/87/09/87098d327be5485880e2774870599fc4.jpg
Not Found: /media/cache/96/4b/964b0fe9b04fe86f0200238b775cb847.jpg
Not Found: /media/cache/b5/22/b52210792253b704944a1d676e62c065.jpg
Not Found: /media/cache/ba/50/ba503886e7269913edb6f2ada08a57ec.jpg
Not Found: /media/cache/4e/2a/4e2ac20ec4be3e6329d06f6a8b55af7d.jpg
Not Found: /media/cache/21/5c/215cda7d263b7577e69ac1ca7498dc60.jpg
Not Found: /media/galeries/62/youtube_PNG1.jpg
Not Found: /media/galeries/62/newsletterV2.jpg
Not Found: /media/galeries/62/Instagram-logo.jpg
Not Found: /media/cache/e6/bf/e6bfca06630e305f2449a93d5705a0e5.jpg
Not Found: /media/galeries/62/logofacebook.jpg
Not Found: /media/cache/df/66/df666fe7ac7d0dcd57d0b821b8dc0a99.jpg
Not Found: /media/cache/b5/aa/b5aa351bcef36ed7a76dafc146746cc9.jpg
Not Found: /media/cache/12/7a/127a48691e6e8c3d6c9a1583e563936c.jpg
Not Found: /media/cache/e6/89/e689f4ba5d61fe46277db27349f34747.jpg
Not Found: /media/cache/77/14/7714efb87e71975ae31fab10f89c173d.jpg
Not Found: /media/cache/50/bb/50bb4cc41c2776c00b68831a8596f544.jpg
Not Found: /media/cache/f4/21/f421509afa60984bee34ed7a785c921f.jpg
Not Found: /media/cache/12/9e/129e974989e8147f7ff614f933b40b0d.jpg
Not Found: /media/cache/cd/ab/cdabee939f6f48c6bec6e8eb710a04ff.jpg
Not Found: /media/cache/03/d5/03d5a13947016a5b84414f3ffecdd29e.jpg
Not Found: /media/cache/9e/26/9e26931fcf691ba39ee91cafe1c60476.jpg
Not Found: /media/cache/c4/7c/c47c366a93835713ff47f7bea9b1b745.jpg
Not Found: /media/cache/d9/4f/d94f32153285fb81ae33f113bda18515.jpg
Not Found: /media/cache/d6/99/d699a4afaecfe2e678e034237e0699f8.jpg
Not Found: /media/cache/be/fb/befb5a3c3f60fe81cef847e7d483132c.jpg
Not Found: /media/cache/d1/ff/d1ffec2c59d353bb5277ca5853312eb0.jpg
Not Found: /media/cache/c8/9a/c89ab8ec6c7cb3775576cc0e07f30eef.jpg
Not Found: /media/cache/68/92/68928a882e3c873c99b2d3b565a8a2a8.jpg
Not Found: /media/cache/45/7f/457f616b686f3306299ab9e562f7522e.jpg
Not Found: /media/cache/82/c9/82c91d252ed016709257bb9677572294.jpg
Not Found: /media/cache/ad/e5/ade5aa6b321e173683915a1cf2f2ddc0.jpg
Not Found: /media/cache/98/8e/988e2144b89e4f1c748b670db43d79cd.jpg
Not Found: /media/cache/9a/58/9a5865326d86afd839ca76fff303d304.jpg
Not Found: /media/cache/73/7b/737bd2d723e7a8e73b70a5b34736b227.jpg
Not Found: /media/cache/66/4b/664b5237bbb0fbf0167ff0ec800b4dc3.jpg
Not Found: /media/cache/3e/cf/3ecf9fba6910d25dc5ab5126652f8d79.jpg
Not Found: /media/cache/52/07/520701bf7afad93a64b9065c56874aa8.jpg
Not Found: /media/cache/b5/22/b52210792253b704944a1d676e62c065.jpg
Not Found: /media/cache/4b/11/4b11475dc1516807b4279966badd5922.jpg
Not Found: /media/cache/87/09/87098d327be5485880e2774870599fc4.jpg
Not Found: /media/cache/96/4b/964b0fe9b04fe86f0200238b775cb847.jpg
Not Found: /media/cache/ba/50/ba503886e7269913edb6f2ada08a57ec.jpg
Not Found: /media/cache/4e/2a/4e2ac20ec4be3e6329d06f6a8b55af7d.jpg
Not Found: /media/galeries/62/newsletterV2.jpg
Not Found: /media/galeries/62/youtube_PNG1.jpg
Not Found: /media/galeries/62/Instagram-logo.jpg
Not Found: /media/galeries/62/logofacebook.jpg
Not Found: /media/cache/21/5c/215cda7d263b7577e69ac1ca7498dc60.jpg
Not Found: /media/cache/e6/bf/e6bfca06630e305f2449a93d5705a0e5.jpg
Not Found: /media/cache/b5/aa/b5aa351bcef36ed7a76dafc146746cc9.jpg
Not Found: /media/cache/12/7a/127a48691e6e8c3d6c9a1583e563936c.jpg
Not Found: /media/cache/df/66/df666fe7ac7d0dcd57d0b821b8dc0a99.jpg
Not Found: /media/cache/e6/89/e689f4ba5d61fe46277db27349f34747.jpg
Not Found: /media/cache/50/bb/50bb4cc41c2776c00b68831a8596f544.jpg
Not Found: /media/cache/77/14/7714efb87e71975ae31fab10f89c173d.jpg
Not Found: /media/cache/cd/ab/cdabee939f6f48c6bec6e8eb710a04ff.jpg
Not Found: /media/cache/03/d5/03d5a13947016a5b84414f3ffecdd29e.jpg
Not Found: /media/cache/12/9e/129e974989e8147f7ff614f933b40b0d.jpg
Not Found: /media/cache/f4/21/f421509afa60984bee34ed7a785c921f.jpg
Not Found: /media/cache/c4/7c/c47c366a93835713ff47f7bea9b1b745.jpg
Not Found: /media/cache/d9/4f/d94f32153285fb81ae33f113bda18515.jpg
Not Found: /media/cache/be/fb/befb5a3c3f60fe81cef847e7d483132c.jpg
Not Found: /media/cache/d6/99/d699a4afaecfe2e678e034237e0699f8.jpg
Not Found: /media/cache/9e/26/9e26931fcf691ba39ee91cafe1c60476.jpg
Not Found: /media/cache/82/c9/82c91d252ed016709257bb9677572294.jpg
Not Found: /media/cache/ad/e5/ade5aa6b321e173683915a1cf2f2ddc0.jpg
Not Found: /media/cache/c8/9a/c89ab8ec6c7cb3775576cc0e07f30eef.jpg
Not Found: /media/cache/68/92/68928a882e3c873c99b2d3b565a8a2a8.jpg
Not Found: /media/cache/d1/ff/d1ffec2c59d353bb5277ca5853312eb0.jpg
Not Found: /media/cache/45/7f/457f616b686f3306299ab9e562f7522e.jpg
Not Found: /media/cache/73/7b/737bd2d723e7a8e73b70a5b34736b227.jpg
Not Found: /media/cache/98/8e/988e2144b89e4f1c748b670db43d79cd.jpg
Not Found: /media/cache/52/07/520701bf7afad93a64b9065c56874aa8.jpg
Not Found: /media/cache/9a/58/9a5865326d86afd839ca76fff303d304.jpg
Not Found: /media/cache/66/4b/664b5237bbb0fbf0167ff0ec800b4dc3.jpg
Not Found: /media/cache/4b/11/4b11475dc1516807b4279966badd5922.jpg
Not Found: /media/cache/87/09/87098d327be5485880e2774870599fc4.jpg
Not Found: /media/cache/3e/cf/3ecf9fba6910d25dc5ab5126652f8d79.jpg
Not Found: /media/cache/b5/22/b52210792253b704944a1d676e62c065.jpg
Not Found: /media/cache/96/4b/964b0fe9b04fe86f0200238b775cb847.jpg
Not Found: /media/cache/4e/2a/4e2ac20ec4be3e6329d06f6a8b55af7d.jpg
Not Found: /media/cache/ba/50/ba503886e7269913edb6f2ada08a57ec.jpg
Not Found: /media/galeries/62/youtube_PNG1.jpg
Not Found: /media/galeries/62/Instagram-logo.jpg
Not Found: /media/galeries/62/newsletterV2.jpg
Not Found: /media/galeries/62/logofacebook.jpg
Not Found: /media/cache/e6/bf/e6bfca06630e305f2449a93d5705a0e5.jpg
Not Found: /media/cache/21/5c/215cda7d263b7577e69ac1ca7498dc60.jpg
Not Found: /media/cache/df/66/df666fe7ac7d0dcd57d0b821b8dc0a99.jpg
Not Found: /media/cache/3e/cf/3ecf9fba6910d25dc5ab5126652f8d79.jpg
Not Found: /media/cache/9a/58/9a5865326d86afd839ca76fff303d304.jpg
Not Found: /media/cache/be/fb/befb5a3c3f60fe81cef847e7d483132c.jpg
Not Found: /media/cache/73/7b/737bd2d723e7a8e73b70a5b34736b227.jpg
Not Found: /media/cache/d6/99/d699a4afaecfe2e678e034237e0699f8.jpg
Not Found: /media/cache/ad/e5/ade5aa6b321e173683915a1cf2f2ddc0.jpg
Not Found: /media/cache/4b/11/4b11475dc1516807b4279966badd5922.jpg
Not Found: /media/cache/d1/ff/d1ffec2c59d353bb5277ca5853312eb0.jpg
Not Found: /media/cache/ba/50/ba503886e7269913edb6f2ada08a57ec.jpg
Not Found: /media/cache/9e/26/9e26931fcf691ba39ee91cafe1c60476.jpg
Not Found: /media/cache/87/09/87098d327be5485880e2774870599fc4.jpg
Not Found: /media/cache/b5/22/b52210792253b704944a1d676e62c065.jpg
Not Found: /media/cache/4e/2a/4e2ac20ec4be3e6329d06f6a8b55af7d.jpg
Not Found: /media/cache/96/4b/964b0fe9b04fe86f0200238b775cb847.jpg
Not Found: /media/cache/66/4b/664b5237bbb0fbf0167ff0ec800b4dc3.jpg
Not Found: /media/cache/82/c9/82c91d252ed016709257bb9677572294.jpg
Not Found: /media/cache/45/7f/457f616b686f3306299ab9e562f7522e.jpg
Not Found: /media/cache/c4/7c/c47c366a93835713ff47f7bea9b1b745.jpg
Not Found: /media/cache/52/07/520701bf7afad93a64b9065c56874aa8.jpg
Not Found: /media/cache/98/8e/988e2144b89e4f1c748b670db43d79cd.jpg
Not Found: /media/cache/d9/4f/d94f32153285fb81ae33f113bda18515.jpg
Not Found: /media/cache/c8/9a/c89ab8ec6c7cb3775576cc0e07f30eef.jpg
Not Found: /media/cache/68/92/68928a882e3c873c99b2d3b565a8a2a8.jpg
Not Found: /media/cache/12/7a/127a48691e6e8c3d6c9a1583e563936c.jpg
Not Found: /media/cache/e6/89/e689f4ba5d61fe46277db27349f34747.jpg
Not Found: /media/cache/b5/aa/b5aa351bcef36ed7a76dafc146746cc9.jpg
Not Found: /media/cache/50/bb/50bb4cc41c2776c00b68831a8596f544.jpg
Not Found: /media/cache/cd/ab/cdabee939f6f48c6bec6e8eb710a04ff.jpg
Not Found: /media/cache/77/14/7714efb87e71975ae31fab10f89c173d.jpg
Not Found: /media/cache/12/9e/129e974989e8147f7ff614f933b40b0d.jpg
Not Found: /media/cache/f4/21/f421509afa60984bee34ed7a785c921f.jpg
Not Found: /media/cache/03/d5/03d5a13947016a5b84414f3ffecdd29e.jpg
Not Found: /media/galeries/62/newsletterV2.jpg
Not Found: /media/galeries/62/logofacebook.jpg
Not Found: /media/cache/21/5c/215cda7d263b7577e69ac1ca7498dc60.jpg
Not Found: /media/galeries/62/Instagram-logo.jpg
Not Found: /media/galeries/62/youtube_PNG1.jpg
Not Found: /media/cache/e6/bf/e6bfca06630e305f2449a93d5705a0e5.jpg
Not Found: /media/cache/12/7a/127a48691e6e8c3d6c9a1583e563936c.jpg
Not Found: /media/cache/df/66/df666fe7ac7d0dcd57d0b821b8dc0a99.jpg
Not Found: /media/cache/b5/aa/b5aa351bcef36ed7a76dafc146746cc9.jpg
Not Found: /media/cache/50/bb/50bb4cc41c2776c00b68831a8596f544.jpg
Not Found: /media/cache/e6/89/e689f4ba5d61fe46277db27349f34747.jpg
Not Found: /media/cache/77/14/7714efb87e71975ae31fab10f89c173d.jpg
Not Found: /media/cache/cd/ab/cdabee939f6f48c6bec6e8eb710a04ff.jpg
Not Found: /media/cache/12/9e/129e974989e8147f7ff614f933b40b0d.jpg
Not Found: /media/cache/f4/21/f421509afa60984bee34ed7a785c921f.jpg
Not Found: /media/cache/03/d5/03d5a13947016a5b84414f3ffecdd29e.jpg
Not Found: /media/cache/c4/7c/c47c366a93835713ff47f7bea9b1b745.jpg
Not Found: /media/cache/d9/4f/d94f32153285fb81ae33f113bda18515.jpg
Not Found: /media/cache/be/fb/befb5a3c3f60fe81cef847e7d483132c.jpg
Not Found: /media/cache/d6/99/d699a4afaecfe2e678e034237e0699f8.jpg
Not Found: /media/cache/ad/e5/ade5aa6b321e173683915a1cf2f2ddc0.jpg
Not Found: /media/cache/9e/26/9e26931fcf691ba39ee91cafe1c60476.jpg
Not Found: /media/cache/c8/9a/c89ab8ec6c7cb3775576cc0e07f30eef.jpg
Not Found: /media/cache/82/c9/82c91d252ed016709257bb9677572294.jpg
Not Found: /media/cache/d1/ff/d1ffec2c59d353bb5277ca5853312eb0.jpg
Not Found: /media/cache/68/92/68928a882e3c873c99b2d3b565a8a2a8.jpg
Not Found: /media/cache/98/8e/988e2144b89e4f1c748b670db43d79cd.jpg
Not Found: /media/cache/73/7b/737bd2d723e7a8e73b70a5b34736b227.jpg
Not Found: /media/cache/9a/58/9a5865326d86afd839ca76fff303d304.jpg
Not Found: /media/cache/4b/11/4b11475dc1516807b4279966badd5922.jpg
Not Found: /media/cache/45/7f/457f616b686f3306299ab9e562f7522e.jpg
Not Found: /media/cache/66/4b/664b5237bbb0fbf0167ff0ec800b4dc3.jpg
Not Found: /media/cache/3e/cf/3ecf9fba6910d25dc5ab5126652f8d79.jpg
Not Found: /media/cache/52/07/520701bf7afad93a64b9065c56874aa8.jpg
Not Found: /media/cache/87/09/87098d327be5485880e2774870599fc4.jpg
Not Found: /media/cache/b5/22/b52210792253b704944a1d676e62c065.jpg
Not Found: /media/cache/ba/50/ba503886e7269913edb6f2ada08a57ec.jpg
Not Found: /media/cache/4e/2a/4e2ac20ec4be3e6329d06f6a8b55af7d.jpg
Not Found: /media/cache/96/4b/964b0fe9b04fe86f0200238b775cb847.jpg
Not Found: /media/galeries/62/youtube_PNG1.jpg
Not Found: /media/cache/21/5c/215cda7d263b7577e69ac1ca7498dc60.jpg
Not Found: /media/galeries/62/Instagram-logo.jpg
Not Found: /media/galeries/62/newsletterV2.jpg
Not Found: /media/cache/df/66/df666fe7ac7d0dcd57d0b821b8dc0a99.jpg
Not Found: /media/galeries/62/logofacebook.jpg
Not Found: /media/cache/e6/bf/e6bfca06630e305f2449a93d5705a0e5.jpg
Not Found: /media/cache/12/7a/127a48691e6e8c3d6c9a1583e563936c.jpg
Not Found: /media/cache/b5/aa/b5aa351bcef36ed7a76dafc146746cc9.jpg
Not Found: /media/cache/e6/89/e689f4ba5d61fe46277db27349f34747.jpg
Not Found: /media/cache/12/9e/129e974989e8147f7ff614f933b40b0d.jpg
Not Found: /media/cache/50/bb/50bb4cc41c2776c00b68831a8596f544.jpg
Not Found: /media/cache/77/14/7714efb87e71975ae31fab10f89c173d.jpg
Not Found: /media/cache/cd/ab/cdabee939f6f48c6bec6e8eb710a04ff.jpg
Not Found: /media/cache/f4/21/f421509afa60984bee34ed7a785c921f.jpg
Not Found: /media/cache/03/d5/03d5a13947016a5b84414f3ffecdd29e.jpg
Not Found: /media/cache/d9/4f/d94f32153285fb81ae33f113bda18515.jpg
Not Found: /media/cache/c4/7c/c47c366a93835713ff47f7bea9b1b745.jpg
Not Found: /media/cache/d6/99/d699a4afaecfe2e678e034237e0699f8.jpg
Not Found: /media/cache/be/fb/befb5a3c3f60fe81cef847e7d483132c.jpg
Not Found: /media/cache/9e/26/9e26931fcf691ba39ee91cafe1c60476.jpg
Not Found: /media/cache/ad/e5/ade5aa6b321e173683915a1cf2f2ddc0.jpg
Not Found: /media/cache/d1/ff/d1ffec2c59d353bb5277ca5853312eb0.jpg
Not Found: /media/cache/82/c9/82c91d252ed016709257bb9677572294.jpg
Not Found: /media/cache/c8/9a/c89ab8ec6c7cb3775576cc0e07f30eef.jpg
Not Found: /media/cache/68/92/68928a882e3c873c99b2d3b565a8a2a8.jpg
Not Found: /media/cache/9a/58/9a5865326d86afd839ca76fff303d304.jpg
Not Found: /media/cache/45/7f/457f616b686f3306299ab9e562f7522e.jpg
Not Found: /media/cache/98/8e/988e2144b89e4f1c748b670db43d79cd.jpg
Not Found: /media/cache/73/7b/737bd2d723e7a8e73b70a5b34736b227.jpg
Not Found: /media/cache/66/4b/664b5237bbb0fbf0167ff0ec800b4dc3.jpg
Not Found: /media/cache/3e/cf/3ecf9fba6910d25dc5ab5126652f8d79.jpg
Not Found: /media/cache/52/07/520701bf7afad93a64b9065c56874aa8.jpg
Not Found: /media/cache/4b/11/4b11475dc1516807b4279966badd5922.jpg
Not Found: /media/cache/b5/22/b52210792253b704944a1d676e62c065.jpg
Not Found: /media/cache/87/09/87098d327be5485880e2774870599fc4.jpg
Not Found: /media/cache/96/4b/964b0fe9b04fe86f0200238b775cb847.jpg
Not Found: /media/cache/ba/50/ba503886e7269913edb6f2ada08a57ec.jpg
Not Found: /media/cache/4e/2a/4e2ac20ec4be3e6329d06f6a8b55af7d.jpg
Not Found: /media/galeries/62/youtube_PNG1.jpg
Not Found: /media/galeries/62/Instagram-logo.jpg
Not Found: /media/cache/21/5c/215cda7d263b7577e69ac1ca7498dc60.jpg
Not Found: /media/cache/e6/bf/e6bfca06630e305f2449a93d5705a0e5.jpg
Not Found: /media/galeries/62/logofacebook.jpg
Not Found: /media/galeries/62/newsletterV2.jpg
Not Found: /media/cache/df/66/df666fe7ac7d0dcd57d0b821b8dc0a99.jpg
Not Found: /media/cache/12/7a/127a48691e6e8c3d6c9a1583e563936c.jpg
Not Found: /media/cache/e6/89/e689f4ba5d61fe46277db27349f34747.jpg
Not Found: /media/cache/b5/aa/b5aa351bcef36ed7a76dafc146746cc9.jpg
Not Found: /media/cache/12/9e/129e974989e8147f7ff614f933b40b0d.jpg
Not Found: /media/cache/50/bb/50bb4cc41c2776c00b68831a8596f544.jpg
Not Found: /media/cache/77/14/7714efb87e71975ae31fab10f89c173d.jpg
Not Found: /media/cache/cd/ab/cdabee939f6f48c6bec6e8eb710a04ff.jpg
Not Found: /media/cache/f4/21/f421509afa60984bee34ed7a785c921f.jpg
Not Found: /media/cache/03/d5/03d5a13947016a5b84414f3ffecdd29e.jpg
Not Found: /media/cache/c4/7c/c47c366a93835713ff47f7bea9b1b745.jpg
Not Found: /media/cache/be/fb/befb5a3c3f60fe81cef847e7d483132c.jpg
Not Found: /media/cache/d9/4f/d94f32153285fb81ae33f113bda18515.jpg
Not Found: /media/cache/d6/99/d699a4afaecfe2e678e034237e0699f8.jpg
Not Found: /media/cache/c8/9a/c89ab8ec6c7cb3775576cc0e07f30eef.jpg
Not Found: /media/cache/82/c9/82c91d252ed016709257bb9677572294.jpg
Not Found: /media/cache/d1/ff/d1ffec2c59d353bb5277ca5853312eb0.jpg
Not Found: /media/cache/ad/e5/ade5aa6b321e173683915a1cf2f2ddc0.jpg
Not Found: /media/cache/9e/26/9e26931fcf691ba39ee91cafe1c60476.jpg
Not Found: /media/cache/68/92/68928a882e3c873c99b2d3b565a8a2a8.jpg
Not Found: /media/cache/45/7f/457f616b686f3306299ab9e562f7522e.jpg
Not Found: /media/cache/9a/58/9a5865326d86afd839ca76fff303d304.jpg
Not Found: /media/cache/98/8e/988e2144b89e4f1c748b670db43d79cd.jpg
Not Found: /media/cache/73/7b/737bd2d723e7a8e73b70a5b34736b227.jpg
Not Found: /media/cache/4b/11/4b11475dc1516807b4279966badd5922.jpg
Not Found: /media/cache/66/4b/664b5237bbb0fbf0167ff0ec800b4dc3.jpg
Not Found: /media/cache/52/07/520701bf7afad93a64b9065c56874aa8.jpg
Not Found: /media/cache/3e/cf/3ecf9fba6910d25dc5ab5126652f8d79.jpg
Not Found: /media/cache/87/09/87098d327be5485880e2774870599fc4.jpg
Not Found: /media/cache/4e/2a/4e2ac20ec4be3e6329d06f6a8b55af7d.jpg
Not Found: /media/cache/b5/22/b52210792253b704944a1d676e62c065.jpg
Not Found: /media/cache/ba/50/ba503886e7269913edb6f2ada08a57ec.jpg
Not Found: /media/cache/96/4b/964b0fe9b04fe86f0200238b775cb847.jpg
Not Found: /media/galeries/62/youtube_PNG1.jpg
Not Found: /media/cache/21/5c/215cda7d263b7577e69ac1ca7498dc60.jpg
Not Found: /media/galeries/62/Instagram-logo.jpg
Not Found: /media/galeries/62/logofacebook.jpg
Not Found: /media/galeries/62/newsletterV2.jpg
Not Found: /media/cache/e6/bf/e6bfca06630e305f2449a93d5705a0e5.jpg
Not Found: /media/cache/12/7a/127a48691e6e8c3d6c9a1583e563936c.jpg
Not Found: /media/cache/df/66/df666fe7ac7d0dcd57d0b821b8dc0a99.jpg
Not Found: /media/cache/b5/aa/b5aa351bcef36ed7a76dafc146746cc9.jpg
Not Found: /media/cache/e6/89/e689f4ba5d61fe46277db27349f34747.jpg
Not Found: /media/cache/50/bb/50bb4cc41c2776c00b68831a8596f544.jpg
Not Found: /media/cache/77/14/7714efb87e71975ae31fab10f89c173d.jpg
Not Found: /media/cache/12/9e/129e974989e8147f7ff614f933b40b0d.jpg
Not Found: /media/cache/cd/ab/cdabee939f6f48c6bec6e8eb710a04ff.jpg
Not Found: /media/cache/f4/21/f421509afa60984bee34ed7a785c921f.jpg
Not Found: /media/cache/c4/7c/c47c366a93835713ff47f7bea9b1b745.jpg
Not Found: /media/cache/03/d5/03d5a13947016a5b84414f3ffecdd29e.jpg
Not Found: /media/cache/d9/4f/d94f32153285fb81ae33f113bda18515.jpg
Not Found: /media/cache/be/fb/befb5a3c3f60fe81cef847e7d483132c.jpg
Not Found: /media/cache/d6/99/d699a4afaecfe2e678e034237e0699f8.jpg
Not Found: /media/cache/9e/26/9e26931fcf691ba39ee91cafe1c60476.jpg
Not Found: /media/cache/c8/9a/c89ab8ec6c7cb3775576cc0e07f30eef.jpg
Not Found: /media/cache/ad/e5/ade5aa6b321e173683915a1cf2f2ddc0.jpg
Not Found: /media/cache/82/c9/82c91d252ed016709257bb9677572294.jpg
Not Found: /media/cache/d1/ff/d1ffec2c59d353bb5277ca5853312eb0.jpg
Not Found: /media/cache/45/7f/457f616b686f3306299ab9e562f7522e.jpg
Not Found: /media/cache/68/92/68928a882e3c873c99b2d3b565a8a2a8.jpg
Not Found: /media/cache/98/8e/988e2144b89e4f1c748b670db43d79cd.jpg
Not Found: /media/cache/73/7b/737bd2d723e7a8e73b70a5b34736b227.jpg
Not Found: /media/cache/4b/11/4b11475dc1516807b4279966badd5922.jpg
Not Found: /media/cache/66/4b/664b5237bbb0fbf0167ff0ec800b4dc3.jpg
Not Found: /media/cache/9a/58/9a5865326d86afd839ca76fff303d304.jpg
Not Found: /media/cache/3e/cf/3ecf9fba6910d25dc5ab5126652f8d79.jpg
Not Found: /media/cache/52/07/520701bf7afad93a64b9065c56874aa8.jpg
Not Found: /media/cache/87/09/87098d327be5485880e2774870599fc4.jpg
Not Found: /media/cache/96/4b/964b0fe9b04fe86f0200238b775cb847.jpg
Not Found: /media/cache/4e/2a/4e2ac20ec4be3e6329d06f6a8b55af7d.jpg
Not Found: /media/cache/b5/22/b52210792253b704944a1d676e62c065.jpg
Not Found: /media/cache/ba/50/ba503886e7269913edb6f2ada08a57ec.jpg
Not Found: /media/galeries/62/logofacebook.jpg
Not Found: /media/galeries/62/youtube_PNG1.jpg
Not Found: /media/galeries/62/Instagram-logo.jpg
Not Found: /media/galeries/62/newsletterV2.jpg
Not Found: /media/cache/21/5c/215cda7d263b7577e69ac1ca7498dc60.jpg
Not Found: /media/cache/b5/aa/b5aa351bcef36ed7a76dafc146746cc9.jpg
Not Found: /media/cache/df/66/df666fe7ac7d0dcd57d0b821b8dc0a99.jpg
Not Found: /media/cache/e6/bf/e6bfca06630e305f2449a93d5705a0e5.jpg
Not Found: /media/cache/12/7a/127a48691e6e8c3d6c9a1583e563936c.jpg
Not Found: /media/cache/e6/89/e689f4ba5d61fe46277db27349f34747.jpg
Not Found: /media/cache/50/bb/50bb4cc41c2776c00b68831a8596f544.jpg
Not Found: /media/cache/12/9e/129e974989e8147f7ff614f933b40b0d.jpg
Not Found: /media/cache/77/14/7714efb87e71975ae31fab10f89c173d.jpg
Not Found: /media/cache/f4/21/f421509afa60984bee34ed7a785c921f.jpg
Not Found: /media/cache/cd/ab/cdabee939f6f48c6bec6e8eb710a04ff.jpg
Not Found: /media/cache/d9/4f/d94f32153285fb81ae33f113bda18515.jpg
Not Found: /media/cache/03/d5/03d5a13947016a5b84414f3ffecdd29e.jpg
Not Found: /media/cache/c4/7c/c47c366a93835713ff47f7bea9b1b745.jpg
Not Found: /media/cache/be/fb/befb5a3c3f60fe81cef847e7d483132c.jpg
Not Found: /media/cache/9e/26/9e26931fcf691ba39ee91cafe1c60476.jpg
Not Found: /media/cache/d6/99/d699a4afaecfe2e678e034237e0699f8.jpg
Not Found: /media/cache/ad/e5/ade5aa6b321e173683915a1cf2f2ddc0.jpg
Not Found: /media/cache/82/c9/82c91d252ed016709257bb9677572294.jpg
Not Found: /media/cache/c8/9a/c89ab8ec6c7cb3775576cc0e07f30eef.jpg
Not Found: /media/cache/68/92/68928a882e3c873c99b2d3b565a8a2a8.jpg
Not Found: /media/cache/45/7f/457f616b686f3306299ab9e562f7522e.jpg
Not Found: /media/cache/d1/ff/d1ffec2c59d353bb5277ca5853312eb0.jpg
Not Found: /media/cache/9a/58/9a5865326d86afd839ca76fff303d304.jpg
Not Found: /media/cache/98/8e/988e2144b89e4f1c748b670db43d79cd.jpg
Not Found: /media/cache/66/4b/664b5237bbb0fbf0167ff0ec800b4dc3.jpg
Not Found: /media/cache/73/7b/737bd2d723e7a8e73b70a5b34736b227.jpg
Not Found: /media/cache/52/07/520701bf7afad93a64b9065c56874aa8.jpg
Not Found: /media/cache/4b/11/4b11475dc1516807b4279966badd5922.jpg
Not Found: /media/cache/3e/cf/3ecf9fba6910d25dc5ab5126652f8d79.jpg
Not Found: /media/cache/87/09/87098d327be5485880e2774870599fc4.jpg
Not Found: /media/cache/b5/22/b52210792253b704944a1d676e62c065.jpg
Not Found: /media/cache/96/4b/964b0fe9b04fe86f0200238b775cb847.jpg
Not Found: /media/cache/4e/2a/4e2ac20ec4be3e6329d06f6a8b55af7d.jpg
Not Found: /media/cache/ba/50/ba503886e7269913edb6f2ada08a57ec.jpg
Not Found: /media/galeries/62/youtube_PNG1.jpg
Not Found: /media/galeries/62/logofacebook.jpg
Not Found: /media/galeries/62/Instagram-logo.jpg
Not Found: /media/galeries/62/newsletterV2.jpg
Not Found: /media/cache/21/5c/215cda7d263b7577e69ac1ca7498dc60.jpg
Not Found: /media/cache/e6/bf/e6bfca06630e305f2449a93d5705a0e5.jpg
Not Found: /media/cache/12/7a/127a48691e6e8c3d6c9a1583e563936c.jpg
Not Found: /media/cache/df/66/df666fe7ac7d0dcd57d0b821b8dc0a99.jpg
Not Found: /media/cache/e6/89/e689f4ba5d61fe46277db27349f34747.jpg
Not Found: /media/cache/b5/aa/b5aa351bcef36ed7a76dafc146746cc9.jpg
Not Found: /media/cache/50/bb/50bb4cc41c2776c00b68831a8596f544.jpg
Not Found: /media/cache/12/9e/129e974989e8147f7ff614f933b40b0d.jpg
Not Found: /media/cache/77/14/7714efb87e71975ae31fab10f89c173d.jpg
Not Found: /media/cache/f4/21/f421509afa60984bee34ed7a785c921f.jpg
Not Found: /media/cache/03/d5/03d5a13947016a5b84414f3ffecdd29e.jpg
Not Found: /media/cache/cd/ab/cdabee939f6f48c6bec6e8eb710a04ff.jpg
Not Found: /media/cache/d9/4f/d94f32153285fb81ae33f113bda18515.jpg
Not Found: /media/cache/c4/7c/c47c366a93835713ff47f7bea9b1b745.jpg
Not Found: /media/cache/be/fb/befb5a3c3f60fe81cef847e7d483132c.jpg
Not Found: /media/cache/d6/99/d699a4afaecfe2e678e034237e0699f8.jpg
Not Found: /media/cache/9e/26/9e26931fcf691ba39ee91cafe1c60476.jpg
Not Found: /media/cache/ad/e5/ade5aa6b321e173683915a1cf2f2ddc0.jpg
Not Found: /media/cache/c8/9a/c89ab8ec6c7cb3775576cc0e07f30eef.jpg
Not Found: /media/cache/82/c9/82c91d252ed016709257bb9677572294.jpg
Not Found: /media/cache/d1/ff/d1ffec2c59d353bb5277ca5853312eb0.jpg
Not Found: /media/cache/68/92/68928a882e3c873c99b2d3b565a8a2a8.jpg
Not Found: /media/cache/45/7f/457f616b686f3306299ab9e562f7522e.jpg
Not Found: /media/cache/73/7b/737bd2d723e7a8e73b70a5b34736b227.jpg
Not Found: /media/cache/98/8e/988e2144b89e4f1c748b670db43d79cd.jpg
Not Found: /media/cache/9a/58/9a5865326d86afd839ca76fff303d304.jpg
Not Found: /media/cache/4b/11/4b11475dc1516807b4279966badd5922.jpg
Not Found: /media/cache/66/4b/664b5237bbb0fbf0167ff0ec800b4dc3.jpg
Not Found: /media/cache/52/07/520701bf7afad93a64b9065c56874aa8.jpg
Not Found: /media/cache/3e/cf/3ecf9fba6910d25dc5ab5126652f8d79.jpg
Not Found: /media/cache/b5/22/b52210792253b704944a1d676e62c065.jpg
Not Found: /media/cache/87/09/87098d327be5485880e2774870599fc4.jpg
Not Found: /media/cache/96/4b/964b0fe9b04fe86f0200238b775cb847.jpg
Not Found: /media/cache/ba/50/ba503886e7269913edb6f2ada08a57ec.jpg
Not Found: /media/cache/4e/2a/4e2ac20ec4be3e6329d06f6a8b55af7d.jpg
Not Found: /media/galeries/62/youtube_PNG1.jpg
Not Found: /media/galeries/62/logofacebook.jpg
Not Found: /media/galeries/62/newsletterV2.jpg
Not Found: /media/cache/21/5c/215cda7d263b7577e69ac1ca7498dc60.jpg
Not Found: /media/galeries/62/Instagram-logo.jpg
Not Found: /media/cache/b5/aa/b5aa351bcef36ed7a76dafc146746cc9.jpg
Not Found: /media/cache/e6/89/e689f4ba5d61fe46277db27349f34747.jpg
Not Found: /media/cache/df/66/df666fe7ac7d0dcd57d0b821b8dc0a99.jpg
Not Found: /media/cache/12/7a/127a48691e6e8c3d6c9a1583e563936c.jpg
Not Found: /media/cache/e6/bf/e6bfca06630e305f2449a93d5705a0e5.jpg
Not Found: /media/cache/50/bb/50bb4cc41c2776c00b68831a8596f544.jpg
Not Found: /media/cache/77/14/7714efb87e71975ae31fab10f89c173d.jpg
Not Found: /media/cache/12/9e/129e974989e8147f7ff614f933b40b0d.jpg
Not Found: /media/cache/03/d5/03d5a13947016a5b84414f3ffecdd29e.jpg
Not Found: /media/cache/f4/21/f421509afa60984bee34ed7a785c921f.jpg
Not Found: /media/cache/cd/ab/cdabee939f6f48c6bec6e8eb710a04ff.jpg
Not Found: /media/cache/c4/7c/c47c366a93835713ff47f7bea9b1b745.jpg
Not Found: /media/cache/d9/4f/d94f32153285fb81ae33f113bda18515.jpg
Not Found: /media/cache/ad/e5/ade5aa6b321e173683915a1cf2f2ddc0.jpg
Not Found: /media/cache/be/fb/befb5a3c3f60fe81cef847e7d483132c.jpg
Not Found: /media/cache/d6/99/d699a4afaecfe2e678e034237e0699f8.jpg
Not Found: /media/cache/82/c9/82c91d252ed016709257bb9677572294.jpg
Not Found: /media/cache/9e/26/9e26931fcf691ba39ee91cafe1c60476.jpg
Not Found: /media/cache/45/7f/457f616b686f3306299ab9e562f7522e.jpg
Not Found: /media/cache/c8/9a/c89ab8ec6c7cb3775576cc0e07f30eef.jpg
Not Found: /media/cache/68/92/68928a882e3c873c99b2d3b565a8a2a8.jpg
Not Found: /media/cache/73/7b/737bd2d723e7a8e73b70a5b34736b227.jpg
Not Found: /media/cache/d1/ff/d1ffec2c59d353bb5277ca5853312eb0.jpg
Not Found: /media/cache/98/8e/988e2144b89e4f1c748b670db43d79cd.jpg
Not Found: /media/cache/4b/11/4b11475dc1516807b4279966badd5922.jpg
Not Found: /media/cache/66/4b/664b5237bbb0fbf0167ff0ec800b4dc3.jpg
Not Found: /media/cache/9a/58/9a5865326d86afd839ca76fff303d304.jpg
Not Found: /media/cache/3e/cf/3ecf9fba6910d25dc5ab5126652f8d79.jpg
Not Found: /media/cache/52/07/520701bf7afad93a64b9065c56874aa8.jpg
Not Found: /media/cache/87/09/87098d327be5485880e2774870599fc4.jpg
Not Found: /media/cache/b5/22/b52210792253b704944a1d676e62c065.jpg
Not Found: /media/cache/4e/2a/4e2ac20ec4be3e6329d06f6a8b55af7d.jpg
Not Found: /media/cache/ba/50/ba503886e7269913edb6f2ada08a57ec.jpg
Not Found: /media/cache/96/4b/964b0fe9b04fe86f0200238b775cb847.jpg
Not Found: /media/galeries/62/logofacebook.jpg
Not Found: /media/galeries/62/youtube_PNG1.jpg
Not Found: /media/galeries/62/Instagram-logo.jpg
Not Found: /media/galeries/62/newsletterV2.jpg
Not Found: /media/cache/21/5c/215cda7d263b7577e69ac1ca7498dc60.jpg
Not Found: /media/cache/b5/aa/b5aa351bcef36ed7a76dafc146746cc9.jpg
Not Found: /media/cache/e6/89/e689f4ba5d61fe46277db27349f34747.jpg
Not Found: /media/cache/e6/bf/e6bfca06630e305f2449a93d5705a0e5.jpg
Not Found: /media/cache/df/66/df666fe7ac7d0dcd57d0b821b8dc0a99.jpg
Not Found: /media/cache/50/bb/50bb4cc41c2776c00b68831a8596f544.jpg
Not Found: /media/cache/12/7a/127a48691e6e8c3d6c9a1583e563936c.jpg
Not Found: /media/cache/cd/ab/cdabee939f6f48c6bec6e8eb710a04ff.jpg
Not Found: /media/cache/f4/21/f421509afa60984bee34ed7a785c921f.jpg
Not Found: /media/cache/77/14/7714efb87e71975ae31fab10f89c173d.jpg
Not Found: /media/cache/03/d5/03d5a13947016a5b84414f3ffecdd29e.jpg
Not Found: /media/cache/12/9e/129e974989e8147f7ff614f933b40b0d.jpg
Not Found: /media/cache/c4/7c/c47c366a93835713ff47f7bea9b1b745.jpg
Not Found: /media/cache/d9/4f/d94f32153285fb81ae33f113bda18515.jpg
Not Found: /media/cache/be/fb/befb5a3c3f60fe81cef847e7d483132c.jpg
Not Found: /media/cache/d6/99/d699a4afaecfe2e678e034237e0699f8.jpg
Not Found: /media/cache/9e/26/9e26931fcf691ba39ee91cafe1c60476.jpg
Not Found: /media/cache/82/c9/82c91d252ed016709257bb9677572294.jpg
Not Found: /media/cache/ad/e5/ade5aa6b321e173683915a1cf2f2ddc0.jpg
Not Found: /media/cache/c8/9a/c89ab8ec6c7cb3775576cc0e07f30eef.jpg
Not Found: /media/cache/d1/ff/d1ffec2c59d353bb5277ca5853312eb0.jpg
Not Found: /media/cache/45/7f/457f616b686f3306299ab9e562f7522e.jpg
Not Found: /media/cache/68/92/68928a882e3c873c99b2d3b565a8a2a8.jpg
Not Found: /media/cache/98/8e/988e2144b89e4f1c748b670db43d79cd.jpg
Not Found: /media/cache/9a/58/9a5865326d86afd839ca76fff303d304.jpg
Not Found: /media/cache/73/7b/737bd2d723e7a8e73b70a5b34736b227.jpg
Not Found: /media/cache/4b/11/4b11475dc1516807b4279966badd5922.jpg
Not Found: /media/cache/66/4b/664b5237bbb0fbf0167ff0ec800b4dc3.jpg
Not Found: /media/cache/52/07/520701bf7afad93a64b9065c56874aa8.jpg
Not Found: /media/cache/3e/cf/3ecf9fba6910d25dc5ab5126652f8d79.jpg
Not Found: /media/cache/87/09/87098d327be5485880e2774870599fc4.jpg
Not Found: /media/cache/b5/22/b52210792253b704944a1d676e62c065.jpg
Not Found: /media/cache/96/4b/964b0fe9b04fe86f0200238b775cb847.jpg
Not Found: /media/cache/ba/50/ba503886e7269913edb6f2ada08a57ec.jpg
Not Found: /media/cache/4e/2a/4e2ac20ec4be3e6329d06f6a8b55af7d.jpg
Not Found: /media/galeries/62/logofacebook.jpg
Not Found: /media/cache/21/5c/215cda7d263b7577e69ac1ca7498dc60.jpg
Not Found: /media/galeries/62/Instagram-logo.jpg
Not Found: /media/galeries/62/newsletterV2.jpg
Not Found: /media/galeries/62/youtube_PNG1.jpg
Not Found: /media/cache/12/7a/127a48691e6e8c3d6c9a1583e563936c.jpg
Not Found: /media/cache/df/66/df666fe7ac7d0dcd57d0b821b8dc0a99.jpg
Not Found: /media/cache/e6/bf/e6bfca06630e305f2449a93d5705a0e5.jpg
Not Found: /media/cache/50/bb/50bb4cc41c2776c00b68831a8596f544.jpg
Not Found: /media/cache/b5/aa/b5aa351bcef36ed7a76dafc146746cc9.jpg
Not Found: /media/cache/e6/89/e689f4ba5d61fe46277db27349f34747.jpg
Not Found: /media/cache/f4/21/f421509afa60984bee34ed7a785c921f.jpg
Not Found: /media/cache/c4/7c/c47c366a93835713ff47f7bea9b1b745.jpg
Not Found: /media/cache/98/8e/988e2144b89e4f1c748b670db43d79cd.jpg
Not Found: /media/cache/82/c9/82c91d252ed016709257bb9677572294.jpg
Not Found: /media/cache/b5/22/b52210792253b704944a1d676e62c065.jpg
Not Found: /media/cache/4b/11/4b11475dc1516807b4279966badd5922.jpg
Not Found: /media/cache/03/d5/03d5a13947016a5b84414f3ffecdd29e.jpg
Not Found: /media/cache/d6/99/d699a4afaecfe2e678e034237e0699f8.jpg
Not Found: /media/cache/d1/ff/d1ffec2c59d353bb5277ca5853312eb0.jpg
Not Found: /media/cache/52/07/520701bf7afad93a64b9065c56874aa8.jpg
Not Found: /media/cache/c8/9a/c89ab8ec6c7cb3775576cc0e07f30eef.jpg
Not Found: /media/cache/96/4b/964b0fe9b04fe86f0200238b775cb847.jpg
Not Found: /media/cache/cd/ab/cdabee939f6f48c6bec6e8eb710a04ff.jpg
Not Found: /media/cache/3e/cf/3ecf9fba6910d25dc5ab5126652f8d79.jpg
Not Found: /media/cache/77/14/7714efb87e71975ae31fab10f89c173d.jpg
Not Found: /media/cache/ad/e5/ade5aa6b321e173683915a1cf2f2ddc0.jpg
Not Found: /media/cache/d9/4f/d94f32153285fb81ae33f113bda18515.jpg
Not Found: /media/cache/87/09/87098d327be5485880e2774870599fc4.jpg
Not Found: /media/cache/12/9e/129e974989e8147f7ff614f933b40b0d.jpg
Not Found: /media/cache/73/7b/737bd2d723e7a8e73b70a5b34736b227.jpg
Not Found: /media/cache/45/7f/457f616b686f3306299ab9e562f7522e.jpg
Not Found: /media/cache/be/fb/befb5a3c3f60fe81cef847e7d483132c.jpg
Not Found: /media/cache/68/92/68928a882e3c873c99b2d3b565a8a2a8.jpg
Not Found: /media/cache/9e/26/9e26931fcf691ba39ee91cafe1c60476.jpg
Not Found: /media/cache/66/4b/664b5237bbb0fbf0167ff0ec800b4dc3.jpg
Not Found: /media/cache/9a/58/9a5865326d86afd839ca76fff303d304.jpg
Not Found: /media/cache/ba/50/ba503886e7269913edb6f2ada08a57ec.jpg
Not Found: /media/cache/4e/2a/4e2ac20ec4be3e6329d06f6a8b55af7d.jpg
Not Found: /media/galeries/62/Instagram-logo.jpg
Not Found: /media/galeries/62/youtube_PNG1.jpg
Not Found: /media/galeries/62/newsletterV2.jpg
Not Found: /media/cache/e6/bf/e6bfca06630e305f2449a93d5705a0e5.jpg
Not Found: /media/galeries/62/logofacebook.jpg
Not Found: /media/cache/21/5c/215cda7d263b7577e69ac1ca7498dc60.jpg
Not Found: /media/cache/df/66/df666fe7ac7d0dcd57d0b821b8dc0a99.jpg
Not Found: /media/cache/50/bb/50bb4cc41c2776c00b68831a8596f544.jpg
Not Found: /media/cache/e6/89/e689f4ba5d61fe46277db27349f34747.jpg
Not Found: /media/cache/b5/aa/b5aa351bcef36ed7a76dafc146746cc9.jpg
Not Found: /media/cache/12/7a/127a48691e6e8c3d6c9a1583e563936c.jpg
Not Found: /media/cache/12/9e/129e974989e8147f7ff614f933b40b0d.jpg
Not Found: /media/cache/f4/21/f421509afa60984bee34ed7a785c921f.jpg
Not Found: /media/cache/cd/ab/cdabee939f6f48c6bec6e8eb710a04ff.jpg
Not Found: /media/cache/77/14/7714efb87e71975ae31fab10f89c173d.jpg
Not Found: /media/cache/03/d5/03d5a13947016a5b84414f3ffecdd29e.jpg
Not Found: /media/cache/c4/7c/c47c366a93835713ff47f7bea9b1b745.jpg
Not Found: /media/cache/d9/4f/d94f32153285fb81ae33f113bda18515.jpg
Not Found: /media/cache/be/fb/befb5a3c3f60fe81cef847e7d483132c.jpg
Not Found: /media/cache/d6/99/d699a4afaecfe2e678e034237e0699f8.jpg
Not Found: /media/cache/ad/e5/ade5aa6b321e173683915a1cf2f2ddc0.jpg
Not Found: /media/cache/9e/26/9e26931fcf691ba39ee91cafe1c60476.jpg
Not Found: /media/cache/c8/9a/c89ab8ec6c7cb3775576cc0e07f30eef.jpg
Not Found: /media/cache/82/c9/82c91d252ed016709257bb9677572294.jpg
Not Found: /media/cache/d1/ff/d1ffec2c59d353bb5277ca5853312eb0.jpg
Not Found: /media/cache/68/92/68928a882e3c873c99b2d3b565a8a2a8.jpg
Not Found: /media/cache/45/7f/457f616b686f3306299ab9e562f7522e.jpg
Not Found: /media/cache/98/8e/988e2144b89e4f1c748b670db43d79cd.jpg
Not Found: /media/cache/73/7b/737bd2d723e7a8e73b70a5b34736b227.jpg
Not Found: /media/cache/9a/58/9a5865326d86afd839ca76fff303d304.jpg
Not Found: /media/cache/4b/11/4b11475dc1516807b4279966badd5922.jpg
Not Found: /media/cache/66/4b/664b5237bbb0fbf0167ff0ec800b4dc3.jpg
Not Found: /media/cache/52/07/520701bf7afad93a64b9065c56874aa8.jpg
Not Found: /media/cache/3e/cf/3ecf9fba6910d25dc5ab5126652f8d79.jpg
Not Found: /media/cache/b5/22/b52210792253b704944a1d676e62c065.jpg
Not Found: /media/cache/87/09/87098d327be5485880e2774870599fc4.jpg
Not Found: /media/cache/96/4b/964b0fe9b04fe86f0200238b775cb847.jpg
Not Found: /media/cache/4e/2a/4e2ac20ec4be3e6329d06f6a8b55af7d.jpg
Not Found: /media/cache/ba/50/ba503886e7269913edb6f2ada08a57ec.jpg
Not Found: /media/galeries/62/youtube_PNG1.jpg
Not Found: /media/galeries/62/logofacebook.jpg
Not Found: /media/galeries/62/newsletterV2.jpg
Not Found: /media/cache/21/5c/215cda7d263b7577e69ac1ca7498dc60.jpg
Not Found: /media/galeries/62/Instagram-logo.jpg
Not Found: /media/cache/e6/bf/e6bfca06630e305f2449a93d5705a0e5.jpg
Not Found: /media/cache/b5/aa/b5aa351bcef36ed7a76dafc146746cc9.jpg
Not Found: /media/cache/e6/89/e689f4ba5d61fe46277db27349f34747.jpg
Not Found: /media/cache/df/66/df666fe7ac7d0dcd57d0b821b8dc0a99.jpg
Not Found: /media/cache/12/7a/127a48691e6e8c3d6c9a1583e563936c.jpg
Not Found: /media/cache/50/bb/50bb4cc41c2776c00b68831a8596f544.jpg
Not Found: /media/cache/12/9e/129e974989e8147f7ff614f933b40b0d.jpg
Not Found: /media/cache/cd/ab/cdabee939f6f48c6bec6e8eb710a04ff.jpg
Not Found: /media/cache/f4/21/f421509afa60984bee34ed7a785c921f.jpg
Not Found: /media/cache/c4/7c/c47c366a93835713ff47f7bea9b1b745.jpg
Not Found: /media/cache/03/d5/03d5a13947016a5b84414f3ffecdd29e.jpg
Not Found: /media/cache/77/14/7714efb87e71975ae31fab10f89c173d.jpg
Not Found: /media/cache/be/fb/befb5a3c3f60fe81cef847e7d483132c.jpg
Not Found: /media/cache/d9/4f/d94f32153285fb81ae33f113bda18515.jpg
Not Found: /media/cache/d6/99/d699a4afaecfe2e678e034237e0699f8.jpg
Not Found: /media/cache/9e/26/9e26931fcf691ba39ee91cafe1c60476.jpg
Not Found: /media/cache/d1/ff/d1ffec2c59d353bb5277ca5853312eb0.jpg
Not Found: /media/cache/82/c9/82c91d252ed016709257bb9677572294.jpg
Not Found: /media/cache/c8/9a/c89ab8ec6c7cb3775576cc0e07f30eef.jpg
Not Found: /media/cache/ad/e5/ade5aa6b321e173683915a1cf2f2ddc0.jpg
Not Found: /media/cache/68/92/68928a882e3c873c99b2d3b565a8a2a8.jpg
Not Found: /media/cache/73/7b/737bd2d723e7a8e73b70a5b34736b227.jpg
Not Found: /media/cache/66/4b/664b5237bbb0fbf0167ff0ec800b4dc3.jpg
Not Found: /media/cache/98/8e/988e2144b89e4f1c748b670db43d79cd.jpg
Not Found: /media/cache/9a/58/9a5865326d86afd839ca76fff303d304.jpg
Not Found: /media/cache/45/7f/457f616b686f3306299ab9e562f7522e.jpg
Not Found: /media/cache/4b/11/4b11475dc1516807b4279966badd5922.jpg
Not Found: /media/cache/52/07/520701bf7afad93a64b9065c56874aa8.jpg
Not Found: /media/cache/87/09/87098d327be5485880e2774870599fc4.jpg
Not Found: /media/cache/3e/cf/3ecf9fba6910d25dc5ab5126652f8d79.jpg
Not Found: /media/cache/b5/22/b52210792253b704944a1d676e62c065.jpg
Not Found: /media/cache/96/4b/964b0fe9b04fe86f0200238b775cb847.jpg
Not Found: /media/cache/4e/2a/4e2ac20ec4be3e6329d06f6a8b55af7d.jpg
Not Found: /media/cache/ba/50/ba503886e7269913edb6f2ada08a57ec.jpg
Not Found: /media/galeries/62/Instagram-logo.jpg
Not Found: /media/galeries/62/youtube_PNG1.jpg
Not Found: /media/cache/e6/bf/e6bfca06630e305f2449a93d5705a0e5.jpg
Not Found: /media/galeries/62/logofacebook.jpg
Not Found: /media/cache/21/5c/215cda7d263b7577e69ac1ca7498dc60.jpg
Not Found: /media/galeries/62/newsletterV2.jpg
Not Found: /media/cache/df/66/df666fe7ac7d0dcd57d0b821b8dc0a99.jpg
Not Found: /media/cache/b5/aa/b5aa351bcef36ed7a76dafc146746cc9.jpg
Not Found: /media/cache/12/7a/127a48691e6e8c3d6c9a1583e563936c.jpg
Not Found: /media/cache/e6/89/e689f4ba5d61fe46277db27349f34747.jpg
Not Found: /media/cache/50/bb/50bb4cc41c2776c00b68831a8596f544.jpg
Not Found: /media/cache/12/9e/129e974989e8147f7ff614f933b40b0d.jpg
Not Found: /media/cache/77/14/7714efb87e71975ae31fab10f89c173d.jpg
Not Found: /media/cache/cd/ab/cdabee939f6f48c6bec6e8eb710a04ff.jpg
Not Found: /media/cache/f4/21/f421509afa60984bee34ed7a785c921f.jpg
Not Found: /media/cache/c4/7c/c47c366a93835713ff47f7bea9b1b745.jpg
Not Found: /media/cache/03/d5/03d5a13947016a5b84414f3ffecdd29e.jpg
Not Found: /media/cache/d9/4f/d94f32153285fb81ae33f113bda18515.jpg
Not Found: /media/cache/be/fb/befb5a3c3f60fe81cef847e7d483132c.jpg
Not Found: /media/cache/d6/99/d699a4afaecfe2e678e034237e0699f8.jpg
Not Found: /media/cache/82/c9/82c91d252ed016709257bb9677572294.jpg
Not Found: /media/cache/9e/26/9e26931fcf691ba39ee91cafe1c60476.jpg
Not Found: /media/cache/ad/e5/ade5aa6b321e173683915a1cf2f2ddc0.jpg
Not Found: /media/cache/c8/9a/c89ab8ec6c7cb3775576cc0e07f30eef.jpg
Not Found: /media/cache/d1/ff/d1ffec2c59d353bb5277ca5853312eb0.jpg
Not Found: /media/cache/68/92/68928a882e3c873c99b2d3b565a8a2a8.jpg
Not Found: /media/cache/98/8e/988e2144b89e4f1c748b670db43d79cd.jpg
Not Found: /media/cache/73/7b/737bd2d723e7a8e73b70a5b34736b227.jpg
Not Found: /media/cache/45/7f/457f616b686f3306299ab9e562f7522e.jpg
Not Found: /media/cache/9a/58/9a5865326d86afd839ca76fff303d304.jpg
Not Found: /media/cache/4b/11/4b11475dc1516807b4279966badd5922.jpg
Not Found: /media/cache/66/4b/664b5237bbb0fbf0167ff0ec800b4dc3.jpg
Not Found: /media/cache/87/09/87098d327be5485880e2774870599fc4.jpg
Not Found: /media/cache/52/07/520701bf7afad93a64b9065c56874aa8.jpg
Not Found: /media/cache/96/4b/964b0fe9b04fe86f0200238b775cb847.jpg
Not Found: /media/cache/b5/22/b52210792253b704944a1d676e62c065.jpg
Not Found: /media/cache/3e/cf/3ecf9fba6910d25dc5ab5126652f8d79.jpg
Not Found: /media/cache/4e/2a/4e2ac20ec4be3e6329d06f6a8b55af7d.jpg
Not Found: /media/cache/ba/50/ba503886e7269913edb6f2ada08a57ec.jpg
Not Found: /media/cache/21/5c/215cda7d263b7577e69ac1ca7498dc60.jpg
Not Found: /media/galeries/62/newsletterV2.jpg
Not Found: /media/galeries/62/Instagram-logo.jpg
Not Found: /media/galeries/62/youtube_PNG1.jpg
Not Found: /media/galeries/62/logofacebook.jpg
Not Found: /media/cache/50/bb/50bb4cc41c2776c00b68831a8596f544.jpg
Not Found: /media/cache/e6/bf/e6bfca06630e305f2449a93d5705a0e5.jpg
Not Found: /media/cache/e6/89/e689f4ba5d61fe46277db27349f34747.jpg
Not Found: /media/cache/b5/aa/b5aa351bcef36ed7a76dafc146746cc9.jpg
Not Found: /media/cache/12/7a/127a48691e6e8c3d6c9a1583e563936c.jpg
Not Found: /media/cache/df/66/df666fe7ac7d0dcd57d0b821b8dc0a99.jpg
Not Found: /media/cache/77/14/7714efb87e71975ae31fab10f89c173d.jpg
Not Found: /media/cache/cd/ab/cdabee939f6f48c6bec6e8eb710a04ff.jpg
Not Found: /media/cache/12/9e/129e974989e8147f7ff614f933b40b0d.jpg
Not Found: /media/cache/f4/21/f421509afa60984bee34ed7a785c921f.jpg
Not Found: /media/cache/96/4b/964b0fe9b04fe86f0200238b775cb847.jpg
Not Found: /media/cache/c4/7c/c47c366a93835713ff47f7bea9b1b745.jpg
Not Found: /media/cache/82/c9/82c91d252ed016709257bb9677572294.jpg
Not Found: /media/cache/9a/58/9a5865326d86afd839ca76fff303d304.jpg
Not Found: /media/cache/52/07/520701bf7afad93a64b9065c56874aa8.jpg
Not Found: /media/cache/98/8e/988e2144b89e4f1c748b670db43d79cd.jpg
Not Found: /media/cache/4e/2a/4e2ac20ec4be3e6329d06f6a8b55af7d.jpg
Not Found: /media/cache/4b/11/4b11475dc1516807b4279966badd5922.jpg
Not Found: /media/cache/c8/9a/c89ab8ec6c7cb3775576cc0e07f30eef.jpg
Not Found: /media/cache/73/7b/737bd2d723e7a8e73b70a5b34736b227.jpg
Not Found: /media/cache/be/fb/befb5a3c3f60fe81cef847e7d483132c.jpg
Not Found: /media/cache/d6/99/d699a4afaecfe2e678e034237e0699f8.jpg
Not Found: /media/cache/b5/22/b52210792253b704944a1d676e62c065.jpg
Not Found: /media/cache/87/09/87098d327be5485880e2774870599fc4.jpg
Not Found: /media/cache/ad/e5/ade5aa6b321e173683915a1cf2f2ddc0.jpg
Not Found: /media/cache/66/4b/664b5237bbb0fbf0167ff0ec800b4dc3.jpg
Not Found: /media/cache/3e/cf/3ecf9fba6910d25dc5ab5126652f8d79.jpg
Not Found: /media/cache/d9/4f/d94f32153285fb81ae33f113bda18515.jpg
Not Found: /media/cache/68/92/68928a882e3c873c99b2d3b565a8a2a8.jpg
Not Found: /media/cache/45/7f/457f616b686f3306299ab9e562f7522e.jpg
Not Found: /media/cache/d1/ff/d1ffec2c59d353bb5277ca5853312eb0.jpg
Not Found: /media/cache/9e/26/9e26931fcf691ba39ee91cafe1c60476.jpg
Not Found: /media/cache/03/d5/03d5a13947016a5b84414f3ffecdd29e.jpg
Not Found: /media/cache/ba/50/ba503886e7269913edb6f2ada08a57ec.jpg
Not Found: /media/cache/d0/58/d058de3b71469f72e59f925e2413af30.jpg
Not Found: /media/cache/78/77/7877b56350f0497b23202779aa0b6a90.jpg
Not Found: /media/cache/0f/dc/0fdcadceb7baf67f647ee7da22f65af8.jpg
Not Found: /media/cache/9b/7d/9b7d14eac90936b5e2ba24c1c78a8954.jpg
Not Found: /media/cache/d0/58/d058de3b71469f72e59f925e2413af30.jpg
Not Found: /media/cache/d0/58/d058de3b71469f72e59f925e2413af30.jpg
Not Found: /favicon.ico
Not Found: /media/cache/d0/58/d058de3b71469f72e59f925e2413af30.jpg
Not Found: /media/galeries/62/Instagram-logo.jpg
Not Found: /media/galeries/62/newsletterV2.jpg
Not Found: /media/galeries/62/logofacebook.jpg
Not Found: /media/galeries/62/youtube_PNG1.jpg
Not Found: /media/cache/21/5c/215cda7d263b7577e69ac1ca7498dc60.jpg
Not Found: /media/cache/e6/bf/e6bfca06630e305f2449a93d5705a0e5.jpg
Not Found: /media/cache/df/66/df666fe7ac7d0dcd57d0b821b8dc0a99.jpg
Not Found: /media/cache/e6/89/e689f4ba5d61fe46277db27349f34747.jpg
Not Found: /media/cache/12/7a/127a48691e6e8c3d6c9a1583e563936c.jpg
Not Found: /media/cache/b5/aa/b5aa351bcef36ed7a76dafc146746cc9.jpg
Not Found: /media/cache/50/bb/50bb4cc41c2776c00b68831a8596f544.jpg
Not Found: /media/cache/77/14/7714efb87e71975ae31fab10f89c173d.jpg
Not Found: /media/cache/12/9e/129e974989e8147f7ff614f933b40b0d.jpg
Not Found: /media/cache/f4/21/f421509afa60984bee34ed7a785c921f.jpg
Not Found: /media/cache/cd/ab/cdabee939f6f48c6bec6e8eb710a04ff.jpg
Not Found: /media/cache/03/d5/03d5a13947016a5b84414f3ffecdd29e.jpg
Not Found: /media/cache/c4/7c/c47c366a93835713ff47f7bea9b1b745.jpg
Not Found: /media/cache/d9/4f/d94f32153285fb81ae33f113bda18515.jpg
Not Found: /media/cache/ad/e5/ade5aa6b321e173683915a1cf2f2ddc0.jpg
Not Found: /media/cache/d6/99/d699a4afaecfe2e678e034237e0699f8.jpg
Not Found: /media/cache/be/fb/befb5a3c3f60fe81cef847e7d483132c.jpg
Not Found: /media/cache/9e/26/9e26931fcf691ba39ee91cafe1c60476.jpg
Not Found: /media/cache/c8/9a/c89ab8ec6c7cb3775576cc0e07f30eef.jpg
Not Found: /media/cache/82/c9/82c91d252ed016709257bb9677572294.jpg
Not Found: /media/cache/d1/ff/d1ffec2c59d353bb5277ca5853312eb0.jpg
Not Found: /media/cache/68/92/68928a882e3c873c99b2d3b565a8a2a8.jpg
Not Found: /media/cache/73/7b/737bd2d723e7a8e73b70a5b34736b227.jpg
Not Found: /media/cache/45/7f/457f616b686f3306299ab9e562f7522e.jpg
Not Found: /media/cache/98/8e/988e2144b89e4f1c748b670db43d79cd.jpg
Not Found: /media/cache/9a/58/9a5865326d86afd839ca76fff303d304.jpg
Not Found: /media/cache/4b/11/4b11475dc1516807b4279966badd5922.jpg
Not Found: /media/cache/66/4b/664b5237bbb0fbf0167ff0ec800b4dc3.jpg
Not Found: /media/cache/52/07/520701bf7afad93a64b9065c56874aa8.jpg
Not Found: /media/cache/3e/cf/3ecf9fba6910d25dc5ab5126652f8d79.jpg
Not Found: /media/cache/87/09/87098d327be5485880e2774870599fc4.jpg
Not Found: /media/cache/ba/50/ba503886e7269913edb6f2ada08a57ec.jpg
Not Found: /media/cache/96/4b/964b0fe9b04fe86f0200238b775cb847.jpg
Not Found: /media/cache/4e/2a/4e2ac20ec4be3e6329d06f6a8b55af7d.jpg
Not Found: /media/cache/b5/22/b52210792253b704944a1d676e62c065.jpg
Not Found: /media/cache/21/5c/215cda7d263b7577e69ac1ca7498dc60.jpg
Not Found: /media/galeries/62/newsletterV2.jpg
Not Found: /media/galeries/62/logofacebook.jpg
Not Found: /media/galeries/62/youtube_PNG1.jpg
Not Found: /media/cache/e6/bf/e6bfca06630e305f2449a93d5705a0e5.jpg
Not Found: /media/galeries/62/Instagram-logo.jpg
Not Found: /media/cache/50/bb/50bb4cc41c2776c00b68831a8596f544.jpg
Not Found: /media/cache/b5/aa/b5aa351bcef36ed7a76dafc146746cc9.jpg
Not Found: /media/cache/e6/89/e689f4ba5d61fe46277db27349f34747.jpg
Not Found: /media/cache/12/7a/127a48691e6e8c3d6c9a1583e563936c.jpg
Not Found: /media/cache/12/9e/129e974989e8147f7ff614f933b40b0d.jpg
Not Found: /media/cache/df/66/df666fe7ac7d0dcd57d0b821b8dc0a99.jpg
Not Found: /media/cache/cd/ab/cdabee939f6f48c6bec6e8eb710a04ff.jpg
Not Found: /media/cache/d9/4f/d94f32153285fb81ae33f113bda18515.jpg
Not Found: /media/cache/f4/21/f421509afa60984bee34ed7a785c921f.jpg
Not Found: /media/cache/77/14/7714efb87e71975ae31fab10f89c173d.jpg
Not Found: /media/cache/03/d5/03d5a13947016a5b84414f3ffecdd29e.jpg
Not Found: /media/cache/c4/7c/c47c366a93835713ff47f7bea9b1b745.jpg
Not Found: /media/cache/be/fb/befb5a3c3f60fe81cef847e7d483132c.jpg
Not Found: /media/cache/d6/99/d699a4afaecfe2e678e034237e0699f8.jpg
Not Found: /media/cache/82/c9/82c91d252ed016709257bb9677572294.jpg
Not Found: /media/cache/ad/e5/ade5aa6b321e173683915a1cf2f2ddc0.jpg
Not Found: /media/cache/c8/9a/c89ab8ec6c7cb3775576cc0e07f30eef.jpg
Not Found: /media/cache/d1/ff/d1ffec2c59d353bb5277ca5853312eb0.jpg
Not Found: /media/cache/9e/26/9e26931fcf691ba39ee91cafe1c60476.jpg
Not Found: /media/cache/68/92/68928a882e3c873c99b2d3b565a8a2a8.jpg
Not Found: /media/cache/98/8e/988e2144b89e4f1c748b670db43d79cd.jpg
Not Found: /media/cache/73/7b/737bd2d723e7a8e73b70a5b34736b227.jpg
Not Found: /media/cache/45/7f/457f616b686f3306299ab9e562f7522e.jpg
Not Found: /media/cache/9a/58/9a5865326d86afd839ca76fff303d304.jpg
Not Found: /media/cache/66/4b/664b5237bbb0fbf0167ff0ec800b4dc3.jpg
Not Found: /media/cache/4b/11/4b11475dc1516807b4279966badd5922.jpg
Not Found: /media/cache/52/07/520701bf7afad93a64b9065c56874aa8.jpg
Not Found: /media/cache/3e/cf/3ecf9fba6910d25dc5ab5126652f8d79.jpg
Not Found: /media/cache/4e/2a/4e2ac20ec4be3e6329d06f6a8b55af7d.jpg
Not Found: /media/cache/b5/22/b52210792253b704944a1d676e62c065.jpg
Not Found: /media/cache/96/4b/964b0fe9b04fe86f0200238b775cb847.jpg
Not Found: /media/cache/ba/50/ba503886e7269913edb6f2ada08a57ec.jpg
Not Found: /media/cache/87/09/87098d327be5485880e2774870599fc4.jpg
Not Found: /media/galeries/62/logofacebook.jpg
Not Found: /media/galeries/62/youtube_PNG1.jpg
Not Found: /media/galeries/62/newsletterV2.jpg
Not Found: /media/galeries/62/Instagram-logo.jpg
Not Found: /media/cache/21/5c/215cda7d263b7577e69ac1ca7498dc60.jpg
Not Found: /media/cache/df/66/df666fe7ac7d0dcd57d0b821b8dc0a99.jpg
Not Found: /media/cache/e6/bf/e6bfca06630e305f2449a93d5705a0e5.jpg
Not Found: /media/cache/12/7a/127a48691e6e8c3d6c9a1583e563936c.jpg
Not Found: /media/cache/b5/aa/b5aa351bcef36ed7a76dafc146746cc9.jpg
Not Found: /media/cache/50/bb/50bb4cc41c2776c00b68831a8596f544.jpg
Not Found: /media/cache/e6/89/e689f4ba5d61fe46277db27349f34747.jpg
Not Found: /media/cache/12/9e/129e974989e8147f7ff614f933b40b0d.jpg
Not Found: /media/cache/77/14/7714efb87e71975ae31fab10f89c173d.jpg
Not Found: /media/cache/cd/ab/cdabee939f6f48c6bec6e8eb710a04ff.jpg
Not Found: /media/cache/f4/21/f421509afa60984bee34ed7a785c921f.jpg
Not Found: /media/cache/c4/7c/c47c366a93835713ff47f7bea9b1b745.jpg
Not Found: /media/cache/03/d5/03d5a13947016a5b84414f3ffecdd29e.jpg
Not Found: /media/cache/d9/4f/d94f32153285fb81ae33f113bda18515.jpg
Not Found: /media/cache/be/fb/befb5a3c3f60fe81cef847e7d483132c.jpg
Not Found: /media/cache/d6/99/d699a4afaecfe2e678e034237e0699f8.jpg
Not Found: /media/cache/9e/26/9e26931fcf691ba39ee91cafe1c60476.jpg
Not Found: /media/cache/82/c9/82c91d252ed016709257bb9677572294.jpg
Not Found: /media/cache/ad/e5/ade5aa6b321e173683915a1cf2f2ddc0.jpg
Not Found: /media/cache/c8/9a/c89ab8ec6c7cb3775576cc0e07f30eef.jpg
Not Found: /media/cache/d1/ff/d1ffec2c59d353bb5277ca5853312eb0.jpg
Not Found: /media/cache/45/7f/457f616b686f3306299ab9e562f7522e.jpg
Not Found: /media/cache/68/92/68928a882e3c873c99b2d3b565a8a2a8.jpg
Not Found: /media/cache/98/8e/988e2144b89e4f1c748b670db43d79cd.jpg
Not Found: /media/cache/73/7b/737bd2d723e7a8e73b70a5b34736b227.jpg
Not Found: /media/cache/9a/58/9a5865326d86afd839ca76fff303d304.jpg
Not Found: /media/cache/66/4b/664b5237bbb0fbf0167ff0ec800b4dc3.jpg
Not Found: /media/cache/4b/11/4b11475dc1516807b4279966badd5922.jpg
Not Found: /media/cache/52/07/520701bf7afad93a64b9065c56874aa8.jpg
Not Found: /media/cache/3e/cf/3ecf9fba6910d25dc5ab5126652f8d79.jpg
Not Found: /media/cache/87/09/87098d327be5485880e2774870599fc4.jpg
Not Found: /media/cache/b5/22/b52210792253b704944a1d676e62c065.jpg
Not Found: /media/cache/96/4b/964b0fe9b04fe86f0200238b775cb847.jpg
Not Found: /media/cache/4e/2a/4e2ac20ec4be3e6329d06f6a8b55af7d.jpg
Not Found: /media/cache/ba/50/ba503886e7269913edb6f2ada08a57ec.jpg
Not Found: /media/cache/3a/fc/3afc2e6ee9f57bcb830998082a3405db.jpg
Not Found: /favicon.ico
Not Found: /media/cache/3a/fc/3afc2e6ee9f57bcb830998082a3405db.jpg
Not Found: /favicon.ico
Not Found: /media/cache/3a/fc/3afc2e6ee9f57bcb830998082a3405db.jpg
Not Found: /media/cache/3a/fc/3afc2e6ee9f57bcb830998082a3405db.jpg
Not Found: /media/cache/3a/fc/3afc2e6ee9f57bcb830998082a3405db.jpg
Not Found: /favicon.ico
Not Found: /action_page.php
Not Found: /favicon.ico
Not Found: /action_page.php
Not Found: /action_page.php
